TN:
SF:\\cv1schfil001\vietnam_personal$\TrinhDTM\Practice\jest\01_simple\simple.js
FN:2,(anonymous_0)
FN:6,(anonymous_1)
FN:10,(anonymous_2)
FN:15,(anonymous_3)
FNF:4
FNH:4
FNDA:3,(anonymous_0)
FNDA:1,(anonymous_1)
FNDA:1,(anonymous_2)
FNDA:1,(anonymous_3)
DA:1,2
DA:3,3
DA:7,1
DA:11,1
DA:12,1
DA:16,1
DA:20,2
LF:7
LH:7
BRF:0
BRH:0
end_of_record
TN:
SF:\\cv1schfil001\vietnam_personal$\TrinhDTM\Practice\jest\02_beginner\async.js
FN:3,(anonymous_0)
FNF:1
FNH:1
FNDA:2,(anonymous_0)
DA:1,1
DA:3,1
DA:4,2
DA:5,1
DA:8,1
LF:5
LH:5
BRF:0
BRH:0
end_of_record
